<?xml version="1.0" encoding="UTF-8"?>
<testsuite xmlns:xsi="http://www.w3.org/2001/XMLSchema-instance" xsi:noNamespaceSchemaLocation="https://maven.apache.org/surefire/maven-surefire-plugin/xsd/surefire-test-report-3.0.xsd" version="3.0" name="com.assetmanagement.backend.DataSeedingTest" time="12.612" tests="1" errors="0" skipped="0" failures="0">
  <properties>
[...]
</properties>
  <testcase name="seedAssets" classname="com.assetmanagement.backend.DataSeedingTest" time="1.84">
    <system-out><![CDATA[10:00:21.332 [main] INFO org.springframework.test.context.support.AnnotationConfigContextLoaderUtils -- Could not detect default configuration classes for test class [com.assetmanagement.backend.DataSeedingTest]: DataSeedingTest does not declare any static, non-private, non-final, nested classes annotated with @Configuration.
10:00:21.464 [main] INFO org.springframework.boot.test.context.SpringBootTestContextBootstrapper -- Found @SpringBootConfiguration com.assetmanagement.backend.BackendApplication for test class com.assetmanagement.backend.DataSeedingTest

  .   ____          _            __ _ _
 /\\ / ___'_ __ _ _(_)_ __  __ _ \ \ \ \
( ( )\___ | '_ | '_| | '_ \/ _` | \ \ \ \
 \\/  ___)| |_)| | | | | || (_| |  ) ) ) )
  '  |____| .__|_| |_|_| |_\__, | / / / /
 =========|_|==============|___/=/_/_/_/
 :: Spring Boot ::                (v3.2.4)

2026-04-14T10:00:22.161+09:00  WARN 13072 --- [           main] ory$DuplicateJsonObjectContextCustomizer : 

Found multiple occurrences of org.json.JSONObject on the class path:

	jar:file:/C:/Users/user/.m2/repository/com/vaadin/external/google/android-json/0.0.20131108.vaadin1/android-json-0.0.20131108.vaadin1.jar!/org/json/JSONObject.class
	jar:file:/C:/Users/user/.m2/repository/org/json/json/20231013/json-20231013.jar!/org/json/JSONObject.class

You may wish to exclude one of them to ensure predictable runtime behavior

2026-04-14T10:00:22.180+09:00  INFO 13072 --- [           main] c.a.backend.DataSeedingTest              : Starting DataSeedingTest using Java 17.0.12 with PID 13072 (started by user in C:\Projects\asset_management\backend)
2026-04-14T10:00:22.183+09:00  INFO 13072 --- [           main] c.a.backend.DataSeedingTest              : No active profile set, falling back to 1 default profile: "default"
2026-04-14T10:00:24.743+09:00  INFO 13072 --- [           main] com.zaxxer.hikari.HikariDataSource       : HikariPool-1 - Starting...
2026-04-14T10:00:25.394+09:00  INFO 13072 --- [           main] com.zaxxer.hikari.pool.HikariPool        : HikariPool-1 - Added connection com.mysql.cj.jdbc.ConnectionImpl@4fb64a52
2026-04-14T10:00:25.396+09:00  INFO 13072 --- [           main] com.zaxxer.hikari.HikariDataSource       : HikariPool-1 - Start completed.
2026-04-14T10:00:28.617+09:00  WARN 13072 --- [           main] .s.s.UserDetailsServiceAutoConfiguration : 

Using generated security password: 3e6999fb-ceb3-4a53-b13a-d0e764dae6e1

This generated password is for development use only. Your security configuration must be updated before running your application in production.

2026-04-14T10:00:29.689+09:00  INFO 13072 --- [           main] o.s.s.web.DefaultSecurityFilterChain     : Will secure any request with [org.springframework.security.web.session.DisableEncodeUrlFilter@4fa8297b, org.springframework.security.web.context.request.async.WebAsyncManagerIntegrationFilter@6644bdf5, org.springframework.security.web.context.SecurityContextHolderFilter@445b85d7, org.springframework.security.web.header.HeaderWriterFilter@1c31de5d, org.springframework.web.filter.CorsFilter@13cf5f8a, org.springframework.security.web.authentication.logout.LogoutFilter@e7e455d, com.assetmanagement.backend.security.JwtFilter@43ab9ae9, org.springframework.security.web.savedrequest.RequestCacheAwareFilter@4a0c3aa8, org.springframework.security.web.servletapi.SecurityContextHolderAwareRequestFilter@3534651a, org.springframework.security.web.authentication.AnonymousAuthenticationFilter@7c9ea1d0, org.springframework.security.web.session.SessionManagementFilter@6124dda2, org.springframework.security.web.access.ExceptionTranslationFilter@6adcf059, org.springframework.security.web.access.intercept.AuthorizationFilter@f44d033]
2026-04-14T10:00:31.525+09:00  INFO 13072 --- [           main] c.a.backend.DataSeedingTest              : Started DataSeedingTest in 9.85 seconds (process running for 11.042)
2026-04-14T10:00:31.544+09:00  INFO 13072 --- [           main] c.a.b.config.DatabaseMigrationConfig     : Starting database migration check...
2026-04-14T10:00:31.679+09:00  INFO 13072 --- [           main] c.a.b.config.DatabaseMigrationConfig     : Adding column 'reset_token' to table 'users'
2026-04-14T10:00:31.776+09:00  INFO 13072 --- [           main] c.a.b.config.DatabaseMigrationConfig     : Adding column 'reset_token_expiry' to table 'users'
2026-04-14T10:00:31.806+09:00  INFO 13072 --- [           main] c.a.b.config.DatabaseMigrationConfig     : Database migration check completed.
2026-04-14T10:00:31.807+09:00  INFO 13072 --- [           main] c.a.backend.DataInitializer              : --- 현재 등록된 사용자 목록 ---
2026-04-14T10:00:31.844+09:00  INFO 13072 --- [           main] c.a.backend.DataInitializer              : ID: 1, Email: admin@asset.com, Role: ADMIN, Status: APPROVED
2026-04-14T10:00:31.844+09:00  INFO 13072 --- [           main] c.a.backend.DataInitializer              : ID: 2, Email: user01@asset.com, Role: USER, Status: APPROVED
2026-04-14T10:00:31.844+09:00  INFO 13072 --- [           main] c.a.backend.DataInitializer              : ID: 3, Email: user02@asset.com, Role: USER, Status: APPROVED
2026-04-14T10:00:31.845+09:00  INFO 13072 --- [           main] c.a.backend.DataInitializer              : ID: 4, Email: user03@asset.com, Role: USER, Status: APPROVED
2026-04-14T10:00:31.845+09:00  INFO 13072 --- [           main] c.a.backend.DataInitializer              : ID: 5, Email: admin@test.com, Role: USER, Status: REJECTED
2026-04-14T10:00:31.845+09:00  INFO 13072 --- [           main] c.a.backend.DataInitializer              : ----------------------------
2026-04-14T10:00:31.856+09:00  INFO 13072 --- [           main] c.a.backend.DataInitializer              : 기존 기본 관리자(admin@asset.com)를 waitanboy@gmail.com로 업데이트합니다.
Inserted: SN-IT-0011
Inserted: SN-IT-0012
Inserted: SN-OFF-0013
Inserted: SN-IT-0014
Inserted: SN-OFF-0015
Inserted: SN-OFF-0016
Inserted: SN-OFF-0017
Inserted: SN-OFF-0018
Inserted: SN-IT-0019
Inserted: SN-OFF-0020
Inserted: SN-IT-0021
Inserted: SN-IT-0022
Inserted: SN-IT-0023
Inserted: SN-IT-0024
Inserted: SN-IT-0025
Inserted: SN-OFF-0026
Inserted: SN-IT-0027
Inserted: SN-OFF-0028
Inserted: SN-OFF-0029
Inserted: SN-IT-0030
Inserted: SN-IT-0031
Inserted: SN-IT-0032
Inserted: SN-IT-0033
Inserted: SN-IT-0034
Inserted: SN-IT-0035
Inserted: SN-OFF-0036
Inserted: SN-OFF-0037
Inserted: SN-OFF-0038
Inserted: SN-IT-0039
Inserted: SN-OFF-0040
Inserted: SN-OFF-0041
Inserted: SN-IT-0042
Inserted: SN-IT-0043
Inserted: SN-IT-0044
Inserted: SN-OFF-0045
Inserted: SN-OFF-0046
Inserted: SN-IT-0047
Inserted: SN-OFF-0048
Inserted: SN-OFF-0049
Inserted: SN-OFF-0050
Inserted: SN-IT-0051
Inserted: SN-OFF-0052
Inserted: SN-OFF-0053
Inserted: SN-OFF-0054
Inserted: SN-IT-0055
Inserted: SN-OFF-0056
Inserted: SN-OFF-0057
Inserted: SN-IT-0058
Inserted: SN-OFF-0059
Inserted: SN-IT-0060
Inserted: SN-IT-0061
Inserted: SN-OFF-0062
Inserted: SN-OFF-0063
Inserted: SN-IT-0064
Inserted: SN-IT-0065
Inserted: SN-OFF-0066
Inserted: SN-IT-0067
Inserted: SN-IT-0068
Inserted: SN-OFF-0069
Inserted: SN-IT-0070
Inserted: SN-IT-0071
Inserted: SN-IT-0072
Inserted: SN-OFF-0073
Inserted: SN-OFF-0074
Inserted: SN-IT-0075
Inserted: SN-OFF-0076
Inserted: SN-IT-0077
Inserted: SN-OFF-0078
Inserted: SN-OFF-0079
Inserted: SN-OFF-0080
Inserted: SN-IT-0081
Inserted: SN-IT-0082
Inserted: SN-OFF-0083
Inserted: SN-OFF-0084
Inserted: SN-OFF-0085
Inserted: SN-OFF-0086
Inserted: SN-OFF-0087
Inserted: SN-OFF-0088
Inserted: SN-OFF-0089
Inserted: SN-IT-0090
Inserted: SN-IT-0091
Inserted: SN-OFF-0092
Inserted: SN-OFF-0093
Inserted: SN-OFF-0094
Inserted: SN-IT-0095
Inserted: SN-IT-0096
Inserted: SN-IT-0097
Inserted: SN-OFF-0098
Inserted: SN-OFF-0099
Inserted: SN-IT-0100
Inserted: SN-IT-0101
Inserted: SN-OFF-0102
Inserted: SN-IT-0103
Inserted: SN-IT-0104
Inserted: SN-IT-0105
Inserted: SN-IT-0106
Inserted: SN-OFF-0107
Inserted: SN-IT-0108
Inserted: SN-IT-0109
Inserted: SN-IT-0110
Inserted: SN-OFF-0111
Inserted: SN-IT-0112
Inserted: SN-IT-0113
Inserted: SN-IT-0114
Inserted: SN-OFF-0115
Inserted: SN-IT-0116
Inserted: SN-IT-0117
Inserted: SN-OFF-0118
Inserted: SN-OFF-0119
Inserted: SN-OFF-0120
Inserted: SN-OFF-0121
Inserted: SN-OFF-0122
Inserted: SN-IT-0123
Inserted: SN-IT-0124
Inserted: SN-OFF-0125
Inserted: SN-IT-0126
Inserted: SN-IT-0127
Inserted: SN-OFF-0128
Inserted: SN-OFF-0129
Inserted: SN-OFF-0130
Inserted: SN-IT-0131
Inserted: SN-IT-0132
Inserted: SN-OFF-0133
Inserted: SN-OFF-0134
Inserted: SN-IT-0135
Inserted: SN-IT-0136
Inserted: SN-IT-0137
Inserted: SN-OFF-0138
Inserted: SN-OFF-0139
Inserted: SN-OFF-0140
Inserted: SN-IT-0141
Inserted: SN-IT-0142
Inserted: SN-OFF-0143
Inserted: SN-OFF-0144
Inserted: SN-OFF-0145
Inserted: SN-OFF-0146
Inserted: SN-OFF-0147
Inserted: SN-IT-0148
Inserted: SN-OFF-0149
Inserted: SN-IT-0150
Inserted: SN-IT-0151
Inserted: SN-OFF-0152
Inserted: SN-OFF-0153
Inserted: SN-OFF-0154
Inserted: SN-IT-0155
Inserted: SN-OFF-0156
Inserted: SN-OFF-0157
Inserted: SN-OFF-0158
Inserted: SN-OFF-0159
Inserted: SN-IT-0160
✅ Successfully seeded assets.
]]></system-out>
  </testcase>
</testsuite>