<?xml version="1.0" encoding="UTF-8"?>
<testsuite xmlns:xsi="http://www.w3.org/2001/XMLSchema-instance" xsi:noNamespaceSchemaLocation="https://maven.apache.org/surefire/maven-surefire-plugin/xsd/surefire-test-report-3.0.xsd" version="3.0" name="com.assetmanagement.backend.AssetFilterTest" time="12.2" tests="1" errors="0" skipped="0" failures="0">
  <properties>
[...]
</properties>
  <testcase name="testCategoryFilter" classname="com.assetmanagement.backend.AssetFilterTest" time="1.601">
    <system-out><![CDATA[10:25:20.346 [main] INFO org.springframework.test.context.support.AnnotationConfigContextLoaderUtils -- Could not detect default configuration classes for test class [com.assetmanagement.backend.AssetFilterTest]: AssetFilterTest does not declare any static, non-private, non-final, nested classes annotated with @Configuration.
10:25:20.476 [main] INFO org.springframework.boot.test.context.SpringBootTestContextBootstrapper -- Found @SpringBootConfiguration com.assetmanagement.backend.BackendApplication for test class com.assetmanagement.backend.AssetFilterTest

  .   ____          _            __ _ _
 /\\ / ___'_ __ _ _(_)_ __  __ _ \ \ \ \
( ( )\___ | '_ | '_| | '_ \/ _` | \ \ \ \
 \\/  ___)| |_)| | | | | || (_| |  ) ) ) )
  '  |____| .__|_| |_|_| |_\__, | / / / /
 =========|_|==============|___/=/_/_/_/
 :: Spring Boot ::                (v3.2.4)

2026-04-14T10:25:21.107+09:00  WARN 3196 --- [           main] ory$DuplicateJsonObjectContextCustomizer : 

Found multiple occurrences of org.json.JSONObject on the class path:

	jar:file:/C:/Users/user/.m2/repository/com/vaadin/external/google/android-json/0.0.20131108.vaadin1/android-json-0.0.20131108.vaadin1.jar!/org/json/JSONObject.class
	jar:file:/C:/Users/user/.m2/repository/org/json/json/20231013/json-20231013.jar!/org/json/JSONObject.class

You may wish to exclude one of them to ensure predictable runtime behavior

2026-04-14T10:25:21.124+09:00  INFO 3196 --- [           main] c.a.backend.AssetFilterTest              : Starting AssetFilterTest using Java 17.0.12 with PID 3196 (started by user in C:\Projects\asset_management\backend)
2026-04-14T10:25:21.125+09:00  INFO 3196 --- [           main] c.a.backend.AssetFilterTest              : No active profile set, falling back to 1 default profile: "default"
2026-04-14T10:25:23.636+09:00  INFO 3196 --- [           main] com.zaxxer.hikari.HikariDataSource       : HikariPool-1 - Starting...
2026-04-14T10:25:24.033+09:00  INFO 3196 --- [           main] com.zaxxer.hikari.pool.HikariPool        : HikariPool-1 - Added connection com.mysql.cj.jdbc.ConnectionImpl@29c53c4f
2026-04-14T10:25:24.037+09:00  INFO 3196 --- [           main] com.zaxxer.hikari.HikariDataSource       : HikariPool-1 - Start completed.
2026-04-14T10:25:27.612+09:00  WARN 3196 --- [           main] .s.s.UserDetailsServiceAutoConfiguration : 

Using generated security password: 21f386f8-14e2-4ad2-8ba2-8503cfb369a0

This generated password is for development use only. Your security configuration must be updated before running your application in production.

2026-04-14T10:25:28.677+09:00  INFO 3196 --- [           main] o.s.s.web.DefaultSecurityFilterChain     : Will secure any request with [org.springframework.security.web.session.DisableEncodeUrlFilter@7497a554, org.springframework.security.web.context.request.async.WebAsyncManagerIntegrationFilter@5dd23809, org.springframework.security.web.context.SecurityContextHolderFilter@2591d23a, org.springframework.security.web.header.HeaderWriterFilter@2d230cff, org.springframework.web.filter.CorsFilter@664f49f, org.springframework.security.web.authentication.logout.LogoutFilter@e8c84eb, com.assetmanagement.backend.security.JwtFilter@16e07bae, org.springframework.security.web.savedrequest.RequestCacheAwareFilter@5e95b0ab, org.springframework.security.web.servletapi.SecurityContextHolderAwareRequestFilter@5876bed9, org.springframework.security.web.authentication.AnonymousAuthenticationFilter@60ab895f, org.springframework.security.web.session.SessionManagementFilter@65259c53, org.springframework.security.web.access.ExceptionTranslationFilter@47b961e2, org.springframework.security.web.access.intercept.AuthorizationFilter@615ef20]
2026-04-14T10:25:30.475+09:00  INFO 3196 --- [           main] c.a.backend.AssetFilterTest              : Started AssetFilterTest in 9.806 seconds (process running for 10.949)
2026-04-14T10:25:30.494+09:00  INFO 3196 --- [           main] c.a.b.config.DatabaseMigrationConfig     : Starting database migration check...
2026-04-14T10:25:30.648+09:00  INFO 3196 --- [           main] c.a.b.config.DatabaseMigrationConfig     : Database migration check completed.
2026-04-14T10:25:30.649+09:00  INFO 3196 --- [           main] c.a.backend.DataInitializer              : --- 현재 등록된 사용자 목록 ---
2026-04-14T10:25:30.697+09:00  INFO 3196 --- [           main] c.a.backend.DataInitializer              : ID: 1, Email: waitanboy@gmail.com, Role: ADMIN, Status: APPROVED
2026-04-14T10:25:30.698+09:00  INFO 3196 --- [           main] c.a.backend.DataInitializer              : ID: 2, Email: user01@asset.com, Role: USER, Status: APPROVED
2026-04-14T10:25:30.698+09:00  INFO 3196 --- [           main] c.a.backend.DataInitializer              : ID: 3, Email: user02@asset.com, Role: USER, Status: APPROVED
2026-04-14T10:25:30.698+09:00  INFO 3196 --- [           main] c.a.backend.DataInitializer              : ID: 4, Email: user03@asset.com, Role: USER, Status: APPROVED
2026-04-14T10:25:30.699+09:00  INFO 3196 --- [           main] c.a.backend.DataInitializer              : ID: 5, Email: admin@test.com, Role: USER, Status: REJECTED
2026-04-14T10:25:30.699+09:00  INFO 3196 --- [           main] c.a.backend.DataInitializer              : ----------------------------
2026-04-14T10:25:30.715+09:00  INFO 3196 --- [           main] c.a.backend.DataInitializer              : ? 관리자 계정이 이미 존재합니다. (email: waitanboy@gmail.com)
Assets with Category 1: 74
Assets with Category 2: 79
]]></system-out>
  </testcase>
</testsuite>